{"C:\\Users\\Samantha Jeet\\Documents\\01-Dev\\Adobe\\aem-engineering-test\\server\\helperFunctions\\helperFunctions.js": {"path":"C:\\Users\\Samantha Jeet\\Documents\\01-Dev\\Adobe\\aem-engineering-test\\server\\helperFunctions\\helperFunctions.js","statementMap":{"0":{"start":{"line":1,"column":0},"end":{"line":18,"column":1}},"1":{"start":{"line":8,"column":23},"end":{"line":8,"column":56}},"2":{"start":{"line":9,"column":23},"end":{"line":9,"column":64}},"3":{"start":{"line":10,"column":18},"end":{"line":10,"column":20}},"4":{"start":{"line":11,"column":4},"end":{"line":16,"column":3}},"5":{"start":{"line":11,"column":21},"end":{"line":11,"column":22}},"6":{"start":{"line":12,"column":4},"end":{"line":15,"column":5}},"7":{"start":{"line":13,"column":6},"end":{"line":13,"column":39}},"8":{"start":{"line":14,"column":6},"end":{"line":14,"column":33}},"9":{"start":{"line":17,"column":2},"end":{"line":17,"column":19}}},"fnMap":{"0":{"name":"(anonymous_0)","decl":{"start":{"line":1,"column":26},"end":{"line":1,"column":27}},"loc":{"start":{"line":1,"column":35},"end":{"line":18,"column":1}},"line":1}},"branchMap":{},"s":{"0":1,"1":3,"2":3,"3":3,"4":3,"5":3,"6":27,"7":16,"8":16,"9":3},"f":{"0":3},"b":{},"_coverageSchema":"43e27e138ebf9cfc5966b082cf9a028302ed4184","hash":"59ee1fedf6463d8ef44adb892cfbffbd99861418"}
}
