{"/Users/sjeet/Documents/01-PersonalProjects/Adobe/romanNumerals/server/helperFunctions/helperFunctions.js": {"path":"/Users/sjeet/Documents/01-PersonalProjects/Adobe/romanNumerals/server/helperFunctions/helperFunctions.js","statementMap":{"0":{"start":{"line":1,"column":0},"end":{"line":12,"column":1}},"1":{"start":{"line":2,"column":23},"end":{"line":2,"column":77}},"2":{"start":{"line":3,"column":23},"end":{"line":3,"column":82}},"3":{"start":{"line":4,"column":18},"end":{"line":4,"column":20}},"4":{"start":{"line":5,"column":4},"end":{"line":10,"column":3}},"5":{"start":{"line":5,"column":21},"end":{"line":5,"column":22}},"6":{"start":{"line":6,"column":4},"end":{"line":9,"column":5}},"7":{"start":{"line":7,"column":6},"end":{"line":7,"column":39}},"8":{"start":{"line":8,"column":6},"end":{"line":8,"column":33}},"9":{"start":{"line":11,"column":2},"end":{"line":11,"column":19}}},"fnMap":{"0":{"name":"(anonymous_0)","decl":{"start":{"line":1,"column":26},"end":{"line":1,"column":27}},"loc":{"start":{"line":1,"column":35},"end":{"line":12,"column":1}},"line":1}},"branchMap":{},"s":{"0":1,"1":3,"2":3,"3":3,"4":3,"5":3,"6":39,"7":20,"8":20,"9":3},"f":{"0":3},"b":{},"_coverageSchema":"43e27e138ebf9cfc5966b082cf9a028302ed4184","hash":"5534d2e6383dff3a02d15593daecbbe0b0bd2b29"}
}
